<?xml version="1.0" encoding="UTF-8"?>
<coverage generated="1759327556391" clover="3.2.0">
  <project timestamp="1759327556391" name="All files">
    <metrics statements="189" coveredstatements="101" conditionals="102" coveredconditionals="38" methods="49" coveredmethods="29" elements="340" coveredelements="168" complexity="0" loc="189" ncloc="189" packages="1" files="2" classes="2"/>
    <file name="analyticsTracker.ts" path="/workspace/src/utils/analyticsTracker.ts">
      <metrics statements="105" coveredstatements="54" conditionals="64" coveredconditionals="26" methods="25" coveredmethods="11"/>
      <line num="35" count="1" type="stmt"/>
      <line num="37" count="0" type="stmt"/>
      <line num="40" count="0" type="stmt"/>
      <line num="43" count="0" type="stmt"/>
      <line num="45" count="0" type="stmt"/>
      <line num="51" count="1" type="stmt"/>
      <line num="52" count="159" type="stmt"/>
      <line num="64" count="159" type="cond" truecount="3" falsecount="1"/>
      <line num="65" count="0" type="stmt"/>
      <line num="74" count="159" type="stmt"/>
      <line num="77" count="159" type="stmt"/>
      <line num="83" count="1" type="stmt"/>
      <line num="84" count="1" type="stmt"/>
      <line num="92" count="1" type="cond" truecount="3" falsecount="1"/>
      <line num="93" count="0" type="stmt"/>
      <line num="100" count="1" type="stmt"/>
      <line num="111" count="1" type="stmt"/>
      <line num="116" count="2" type="stmt"/>
      <line num="130" count="1" type="stmt"/>
      <line num="131" count="1" type="stmt"/>
      <line num="142" count="1" type="cond" truecount="3" falsecount="1"/>
      <line num="143" count="0" type="stmt"/>
      <line num="155" count="1" type="stmt"/>
      <line num="160" count="0" type="stmt"/>
      <line num="171" count="1" type="stmt"/>
      <line num="176" count="1" type="stmt"/>
      <line num="189" count="1" type="cond" truecount="3" falsecount="1"/>
      <line num="190" count="0" type="stmt"/>
      <line num="199" count="1" type="stmt"/>
      <line num="204" count="2" type="stmt"/>
      <line num="218" count="1" type="stmt"/>
      <line num="219" count="0" type="stmt"/>
      <line num="234" count="1" type="stmt"/>
      <line num="235" count="0" type="stmt"/>
      <line num="249" count="1" type="stmt"/>
      <line num="250" count="0" type="stmt"/>
      <line num="264" count="1" type="stmt"/>
      <line num="269" count="0" type="stmt"/>
      <line num="284" count="1" type="stmt"/>
      <line num="286" count="0" type="stmt"/>
      <line num="287" count="0" type="stmt"/>
      <line num="288" count="0" type="stmt"/>
      <line num="289" count="0" type="cond" truecount="0" falsecount="2"/>
      <line num="290" count="0" type="stmt"/>
      <line num="293" count="0" type="cond" truecount="0" falsecount="4"/>
      <line num="294" count="0" type="stmt"/>
      <line num="295" count="0" type="cond" truecount="0" falsecount="4"/>
      <line num="296" count="0" type="stmt"/>
      <line num="297" count="0" type="cond" truecount="0" falsecount="4"/>
      <line num="298" count="0" type="stmt"/>
      <line num="299" count="0" type="cond" truecount="0" falsecount="4"/>
      <line num="300" count="0" type="stmt"/>
      <line num="306" count="0" type="stmt"/>
      <line num="307" count="0" type="stmt"/>
      <line num="308" count="0" type="stmt"/>
      <line num="309" count="0" type="stmt"/>
      <line num="313" count="0" type="stmt"/>
      <line num="314" count="0" type="stmt"/>
      <line num="315" count="0" type="stmt"/>
      <line num="317" count="0" type="cond" truecount="0" falsecount="5"/>
      <line num="318" count="0" type="stmt"/>
      <line num="334" count="1" type="stmt"/>
      <line num="335" count="159" type="stmt"/>
      <line num="337" count="159" type="cond" truecount="1" falsecount="1"/>
      <line num="339" count="0" type="stmt"/>
      <line num="345" count="0" type="stmt"/>
      <line num="352" count="1" type="stmt"/>
      <line num="353" count="159" type="stmt"/>
      <line num="354" count="159" type="stmt"/>
      <line num="355" count="159" type="stmt"/>
      <line num="356" count="159" type="cond" truecount="2" falsecount="0"/>
      <line num="358" count="159" type="stmt"/>
      <line num="361" count="159" type="cond" truecount="2" falsecount="0"/>
      <line num="362" count="50" type="stmt"/>
      <line num="365" count="159" type="stmt"/>
      <line num="367" count="0" type="stmt"/>
      <line num="374" count="1" type="stmt"/>
      <line num="375" count="0" type="stmt"/>
      <line num="376" count="0" type="stmt"/>
      <line num="378" count="0" type="cond" truecount="0" falsecount="2"/>
      <line num="379" count="0" type="stmt"/>
      <line num="380" count="0" type="stmt"/>
      <line num="383" count="0" type="stmt"/>
      <line num="389" count="1" type="stmt"/>
      <line num="390" count="159" type="cond" truecount="2" falsecount="0"/>
      <line num="396" count="1" type="stmt"/>
      <line num="397" count="159" type="stmt"/>
      <line num="398" count="159" type="stmt"/>
      <line num="400" count="159" type="cond" truecount="2" falsecount="0"/>
      <line num="401" count="10" type="stmt"/>
      <line num="402" count="10" type="stmt"/>
      <line num="405" count="159" type="stmt"/>
      <line num="411" count="1" type="stmt"/>
      <line num="412" count="10" type="stmt"/>
      <line num="418" count="1" type="stmt"/>
      <line num="419" count="0" type="stmt"/>
      <line num="425" count="1" type="stmt"/>
      <line num="430" count="0" type="stmt"/>
      <line num="431" count="0" type="cond" truecount="0" falsecount="2"/>
      <line num="433" count="0" type="stmt"/>
      <line num="443" count="1" type="stmt"/>
      <line num="444" count="0" type="stmt"/>
      <line num="445" count="0" type="stmt"/>
      <line num="446" count="0" type="stmt"/>
      <line num="449" count="1" type="stmt"/>
    </file>
    <file name="bannerRotation.ts" path="/workspace/src/utils/bannerRotation.ts">
      <metrics statements="84" coveredstatements="47" conditionals="38" coveredconditionals="12" methods="24" coveredmethods="18"/>
      <line num="25" count="1" type="stmt"/>
      <line num="36" count="1" type="stmt"/>
      <line num="37" count="41" type="cond" truecount="4" falsecount="0"/>
      <line num="38" count="36" type="cond" truecount="2" falsecount="0"/>
      <line num="39" count="36" type="stmt"/>
      <line num="45" count="1" type="stmt"/>
      <line num="46" count="41" type="cond" truecount="2" falsecount="0"/>
      <line num="48" count="2" type="stmt"/>
      <line num="49" count="2" type="stmt"/>
      <line num="50" count="2" type="stmt"/>
      <line num="53" count="2" type="stmt"/>
      <line num="59" count="1" type="stmt"/>
      <line num="63" count="38" type="stmt"/>
      <line num="64" count="38" type="stmt"/>
      <line num="65" count="38" type="stmt"/>
      <line num="67" count="38" type="stmt"/>
      <line num="73" count="1" type="stmt"/>
      <line num="78" count="12" type="stmt"/>
      <line num="81" count="9" type="stmt"/>
      <line num="87" count="6" type="stmt"/>
      <line num="90" count="8" type="stmt"/>
      <line num="96" count="1" type="stmt"/>
      <line num="99" count="5" type="stmt"/>
      <line num="100" count="19" type="cond" truecount="2" falsecount="0"/>
      <line num="101" count="15" type="stmt"/>
      <line num="103" count="19" type="stmt"/>
      <line num="104" count="19" type="stmt"/>
      <line num="111" count="1" type="stmt"/>
      <line num="116" count="3" type="stmt"/>
      <line num="117" count="3" type="stmt"/>
      <line num="120" count="3" type="stmt"/>
      <line num="121" count="9" type="stmt"/>
      <line num="122" count="12" type="stmt"/>
      <line num="123" count="3" type="stmt"/>
      <line num="125" count="10" type="stmt"/>
      <line num="127" count="9" type="stmt"/>
      <line num="131" count="3" type="stmt"/>
      <line num="132" count="10" type="stmt"/>
      <line num="133" count="10" type="stmt"/>
      <line num="135" count="9" type="stmt"/>
      <line num="141" count="1" type="stmt"/>
      <line num="142" count="0" type="stmt"/>
      <line num="143" count="0" type="stmt"/>
      <line num="144" count="0" type="cond" truecount="0" falsecount="2"/>
      <line num="145" count="0" type="stmt"/>
      <line num="146" count="0" type="stmt"/>
      <line num="148" count="0" type="stmt"/>
      <line num="155" count="1" type="stmt"/>
      <line num="156" count="0" type="stmt"/>
      <line num="157" count="0" type="stmt"/>
      <line num="158" count="0" type="cond" truecount="0" falsecount="2"/>
      <line num="159" count="0" type="stmt"/>
      <line num="162" count="0" type="cond" truecount="0" falsecount="4"/>
      <line num="163" count="0" type="stmt"/>
      <line num="169" count="0" type="stmt"/>
      <line num="176" count="1" type="stmt"/>
      <line num="177" count="0" type="stmt"/>
      <line num="178" count="0" type="cond" truecount="0" falsecount="2"/>
      <line num="179" count="0" type="cond" truecount="0" falsecount="2"/>
      <line num="180" count="0" type="stmt"/>
      <line num="181" count="0" type="cond" truecount="0" falsecount="2"/>
      <line num="183" count="0" type="stmt"/>
      <line num="185" count="0" type="stmt"/>
      <line num="186" count="0" type="stmt"/>
      <line num="193" count="1" type="stmt"/>
      <line num="197" count="0" type="cond" truecount="0" falsecount="2"/>
      <line num="198" count="0" type="stmt"/>
      <line num="201" count="0" type="cond" truecount="0" falsecount="2"/>
      <line num="202" count="0" type="stmt"/>
      <line num="206" count="0" type="cond" truecount="0" falsecount="2"/>
      <line num="207" count="0" type="stmt"/>
      <line num="208" count="0" type="stmt"/>
      <line num="214" count="1" type="stmt"/>
      <line num="215" count="0" type="stmt"/>
      <line num="216" count="0" type="stmt"/>
      <line num="217" count="0" type="stmt"/>
      <line num="218" count="0" type="stmt"/>
      <line num="219" count="0" type="stmt"/>
      <line num="221" count="0" type="stmt"/>
      <line num="227" count="1" type="stmt"/>
      <line num="228" count="0" type="cond" truecount="0" falsecount="2"/>
      <line num="229" count="0" type="cond" truecount="0" falsecount="2"/>
      <line num="230" count="0" type="stmt"/>
      <line num="233" count="1" type="stmt"/>
    </file>
  </project>
</coverage>
