{"/workspace/src/utils/analyticsTracker.ts": {"path":"/workspace/src/utils/analyticsTracker.ts","statementMap":{"0":{"start":{"line":35,"column":29},"end":{"line":46,"column":1}},"1":{"start":{"line":37,"column":20},"end":{"line":37,"column":42}},"2":{"start":{"line":40,"column":2},"end":{"line":40,"column":42}},"3":{"start":{"line":43,"column":2},"end":{"line":43,"column":22}},"4":{"start":{"line":45,"column":2},"end":{"line":45,"column":63}},"5":{"start":{"line":35,"column":13},"end":{"line":35,"column":29}},"6":{"start":{"line":51,"column":26},"end":{"line":78,"column":1}},"7":{"start":{"line":52,"column":36},"end":{"line":61,"column":4}},"8":{"start":{"line":64,"column":2},"end":{"line":71,"column":3}},"9":{"start":{"line":65,"column":5},"end":{"line":70,"column":7}},"10":{"start":{"line":74,"column":2},"end":{"line":74,"column":29}},"11":{"start":{"line":77,"column":2},"end":{"line":77,"column":31}},"12":{"start":{"line":51,"column":13},"end":{"line":51,"column":26}},"13":{"start":{"line":83,"column":29},"end":{"line":106,"column":1}},"14":{"start":{"line":84,"column":31},"end":{"line":89,"column":4}},"15":{"start":{"line":92,"column":2},"end":{"line":97,"column":3}},"16":{"start":{"line":93,"column":5},"end":{"line":96,"column":7}},"17":{"start":{"line":100,"column":2},"end":{"line":105,"column":5}},"18":{"start":{"line":83,"column":13},"end":{"line":83,"column":29}},"19":{"start":{"line":111,"column":38},"end":{"line":125,"column":1}},"20":{"start":{"line":116,"column":2},"end":{"line":124,"column":5}},"21":{"start":{"line":111,"column":13},"end":{"line":111,"column":38}},"22":{"start":{"line":130,"column":31},"end":{"line":150,"column":1}},"23":{"start":{"line":131,"column":2},"end":{"line":139,"column":5}},"24":{"start":{"line":142,"column":2},"end":{"line":149,"column":3}},"25":{"start":{"line":143,"column":5},"end":{"line":148,"column":7}},"26":{"start":{"line":130,"column":13},"end":{"line":130,"column":31}},"27":{"start":{"line":155,"column":31},"end":{"line":166,"column":1}},"28":{"start":{"line":160,"column":2},"end":{"line":165,"column":5}},"29":{"start":{"line":155,"column":13},"end":{"line":155,"column":31}},"30":{"start":{"line":171,"column":26},"end":{"line":194,"column":1}},"31":{"start":{"line":176,"column":2},"end":{"line":186,"column":5}},"32":{"start":{"line":189,"column":2},"end":{"line":193,"column":3}},"33":{"start":{"line":190,"column":5},"end":{"line":192,"column":7}},"34":{"start":{"line":171,"column":13},"end":{"line":171,"column":26}},"35":{"start":{"line":199,"column":35},"end":{"line":213,"column":1}},"36":{"start":{"line":204,"column":2},"end":{"line":212,"column":5}},"37":{"start":{"line":199,"column":13},"end":{"line":199,"column":35}},"38":{"start":{"line":218,"column":27},"end":{"line":229,"column":1}},"39":{"start":{"line":219,"column":2},"end":{"line":228,"column":5}},"40":{"start":{"line":218,"column":13},"end":{"line":218,"column":27}},"41":{"start":{"line":234,"column":32},"end":{"line":244,"column":1}},"42":{"start":{"line":235,"column":2},"end":{"line":243,"column":5}},"43":{"start":{"line":234,"column":13},"end":{"line":234,"column":32}},"44":{"start":{"line":249,"column":29},"end":{"line":259,"column":1}},"45":{"start":{"line":250,"column":2},"end":{"line":258,"column":5}},"46":{"start":{"line":249,"column":13},"end":{"line":249,"column":29}},"47":{"start":{"line":264,"column":26},"end":{"line":279,"column":1}},"48":{"start":{"line":269,"column":2},"end":{"line":278,"column":5}},"49":{"start":{"line":264,"column":13},"end":{"line":264,"column":26}},"50":{"start":{"line":284,"column":26},"end":{"line":329,"column":1}},"51":{"start":{"line":286,"column":18},"end":{"line":286,"column":19}},"52":{"start":{"line":287,"column":2},"end":{"line":303,"column":5}},"53":{"start":{"line":288,"column":26},"end":{"line":288,"column":111}},"54":{"start":{"line":289,"column":4},"end":{"line":302,"column":5}},"55":{"start":{"line":290,"column":6},"end":{"line":290,"column":32}},"56":{"start":{"line":293,"column":6},"end":{"line":301,"column":7}},"57":{"start":{"line":294,"column":8},"end":{"line":294,"column":60}},"58":{"start":{"line":295,"column":13},"end":{"line":301,"column":7}},"59":{"start":{"line":296,"column":8},"end":{"line":296,"column":60}},"60":{"start":{"line":297,"column":13},"end":{"line":301,"column":7}},"61":{"start":{"line":298,"column":8},"end":{"line":298,"column":60}},"62":{"start":{"line":299,"column":13},"end":{"line":301,"column":7}},"63":{"start":{"line":300,"column":8},"end":{"line":300,"column":60}},"64":{"start":{"line":306,"column":20},"end":{"line":306,"column":30}},"65":{"start":{"line":307,"column":2},"end":{"line":310,"column":5}},"66":{"start":{"line":308,"column":23},"end":{"line":308,"column":54}},"67":{"start":{"line":309,"column":4},"end":{"line":309,"column":76}},"68":{"start":{"line":313,"column":2},"end":{"line":328,"column":5}},"69":{"start":{"line":314,"column":19},"end":{"line":314,"column":42}},"70":{"start":{"line":315,"column":17},"end":{"line":315,"column":36}},"71":{"start":{"line":317,"column":4},"end":{"line":327,"column":5}},"72":{"start":{"line":318,"column":6},"end":{"line":326,"column":9}},"73":{"start":{"line":334,"column":24},"end":{"line":347,"column":1}},"74":{"start":{"line":335,"column":2},"end":{"line":346,"column":3}},"75":{"start":{"line":337,"column":4},"end":{"line":337,"column":54}},"76":{"start":{"line":337,"column":47},"end":{"line":337,"column":54}},"77":{"start":{"line":339,"column":4},"end":{"line":343,"column":7}},"78":{"start":{"line":345,"column":4},"end":{"line":345,"column":53}},"79":{"start":{"line":352,"column":26},"end":{"line":369,"column":1}},"80":{"start":{"line":353,"column":2},"end":{"line":368,"column":3}},"81":{"start":{"line":354,"column":16},"end":{"line":354,"column":34}},"82":{"start":{"line":355,"column":19},"end":{"line":355,"column":44}},"83":{"start":{"line":356,"column":37},"end":{"line":356,"column":69}},"84":{"start":{"line":358,"column":4},"end":{"line":358,"column":23}},"85":{"start":{"line":361,"column":4},"end":{"line":363,"column":5}},"86":{"start":{"line":362,"column":6},"end":{"line":362,"column":21}},"87":{"start":{"line":365,"column":4},"end":{"line":365,"column":54}},"88":{"start":{"line":367,"column":4},"end":{"line":367,"column":58}},"89":{"start":{"line":374,"column":29},"end":{"line":384,"column":1}},"90":{"start":{"line":375,"column":14},"end":{"line":375,"column":36}},"91":{"start":{"line":376,"column":18},"end":{"line":376,"column":45}},"92":{"start":{"line":378,"column":2},"end":{"line":381,"column":3}},"93":{"start":{"line":379,"column":4},"end":{"line":379,"column":29}},"94":{"start":{"line":380,"column":4},"end":{"line":380,"column":43}},"95":{"start":{"line":383,"column":2},"end":{"line":383,"column":19}},"96":{"start":{"line":389,"column":21},"end":{"line":391,"column":1}},"97":{"start":{"line":390,"column":2},"end":{"line":390,"column":62}},"98":{"start":{"line":396,"column":18},"end":{"line":406,"column":1}},"99":{"start":{"line":397,"column":14},"end":{"line":397,"column":33}},"100":{"start":{"line":398,"column":15},"end":{"line":398,"column":40}},"101":{"start":{"line":400,"column":2},"end":{"line":403,"column":3}},"102":{"start":{"line":401,"column":4},"end":{"line":401,"column":26}},"103":{"start":{"line":402,"column":4},"end":{"line":402,"column":38}},"104":{"start":{"line":405,"column":2},"end":{"line":405,"column":16}},"105":{"start":{"line":411,"column":19},"end":{"line":413,"column":1}},"106":{"start":{"line":412,"column":2},"end":{"line":412,"column":68}},"107":{"start":{"line":418,"column":30},"end":{"line":420,"column":1}},"108":{"start":{"line":419,"column":2},"end":{"line":419,"column":72}},"109":{"start":{"line":425,"column":35},"end":{"line":438,"column":1}},"110":{"start":{"line":430,"column":17},"end":{"line":430,"column":57}},"111":{"start":{"line":431,"column":35},"end":{"line":431,"column":67}},"112":{"start":{"line":433,"column":2},"end":{"line":437,"column":4}},"113":{"start":{"line":425,"column":13},"end":{"line":425,"column":35}},"114":{"start":{"line":443,"column":30},"end":{"line":447,"column":1}},"115":{"start":{"line":444,"column":2},"end":{"line":444,"column":46}},"116":{"start":{"line":445,"column":2},"end":{"line":445,"column":52}},"117":{"start":{"line":446,"column":2},"end":{"line":446,"column":40}},"118":{"start":{"line":443,"column":13},"end":{"line":443,"column":30}},"119":{"start":{"line":449,"column":0},"end":{"line":464,"column":2}}},"fnMap":{"0":{"name":"(anonymous_0)","decl":{"start":{"line":35,"column":29},"end":{"line":35,"column":38}},"loc":{"start":{"line":35,"column":40},"end":{"line":46,"column":1}}},"1":{"name":"(anonymous_1)","decl":{"start":{"line":51,"column":26},"end":{"line":51,"column":27}},"loc":{"start":{"line":51,"column":67},"end":{"line":78,"column":1}}},"2":{"name":"(anonymous_2)","decl":{"start":{"line":83,"column":29},"end":{"line":83,"column":30}},"loc":{"start":{"line":83,"column":68},"end":{"line":106,"column":1}}},"3":{"name":"(anonymous_3)","decl":{"start":{"line":111,"column":38},"end":{"line":111,"column":null}},"loc":{"start":{"line":115,"column":10},"end":{"line":125,"column":1}}},"4":{"name":"(anonymous_4)","decl":{"start":{"line":130,"column":31},"end":{"line":130,"column":32}},"loc":{"start":{"line":130,"column":69},"end":{"line":150,"column":1}}},"5":{"name":"(anonymous_5)","decl":{"start":{"line":155,"column":31},"end":{"line":155,"column":null}},"loc":{"start":{"line":159,"column":10},"end":{"line":166,"column":1}}},"6":{"name":"(anonymous_6)","decl":{"start":{"line":171,"column":26},"end":{"line":171,"column":null}},"loc":{"start":{"line":175,"column":10},"end":{"line":194,"column":1}}},"7":{"name":"(anonymous_7)","decl":{"start":{"line":199,"column":35},"end":{"line":199,"column":null}},"loc":{"start":{"line":203,"column":10},"end":{"line":213,"column":1}}},"8":{"name":"(anonymous_8)","decl":{"start":{"line":218,"column":27},"end":{"line":218,"column":28}},"loc":{"start":{"line":218,"column":68},"end":{"line":229,"column":1}}},"9":{"name":"(anonymous_9)","decl":{"start":{"line":234,"column":32},"end":{"line":234,"column":33}},"loc":{"start":{"line":234,"column":72},"end":{"line":244,"column":1}}},"10":{"name":"(anonymous_10)","decl":{"start":{"line":249,"column":29},"end":{"line":249,"column":30}},"loc":{"start":{"line":249,"column":74},"end":{"line":259,"column":1}}},"11":{"name":"(anonymous_11)","decl":{"start":{"line":264,"column":26},"end":{"line":264,"column":null}},"loc":{"start":{"line":268,"column":10},"end":{"line":279,"column":1}}},"12":{"name":"(anonymous_12)","decl":{"start":{"line":284,"column":26},"end":{"line":284,"column":35}},"loc":{"start":{"line":284,"column":37},"end":{"line":329,"column":1}}},"13":{"name":"(anonymous_13)","decl":{"start":{"line":287,"column":36},"end":{"line":287,"column":39}},"loc":{"start":{"line":287,"column":41},"end":{"line":303,"column":3}}},"14":{"name":"(anonymous_14)","decl":{"start":{"line":307,"column":42},"end":{"line":307,"column":45}},"loc":{"start":{"line":307,"column":47},"end":{"line":310,"column":3}}},"15":{"name":"(anonymous_15)","decl":{"start":{"line":313,"column":37},"end":{"line":313,"column":38}},"loc":{"start":{"line":313,"column":43},"end":{"line":328,"column":3}}},"16":{"name":"(anonymous_16)","decl":{"start":{"line":334,"column":24},"end":{"line":334,"column":29}},"loc":{"start":{"line":334,"column":71},"end":{"line":347,"column":1}}},"17":{"name":"(anonymous_17)","decl":{"start":{"line":352,"column":26},"end":{"line":352,"column":27}},"loc":{"start":{"line":352,"column":58},"end":{"line":369,"column":1}}},"18":{"name":"(anonymous_18)","decl":{"start":{"line":374,"column":29},"end":{"line":374,"column":40}},"loc":{"start":{"line":374,"column":42},"end":{"line":384,"column":1}}},"19":{"name":"(anonymous_19)","decl":{"start":{"line":389,"column":21},"end":{"line":389,"column":32}},"loc":{"start":{"line":389,"column":34},"end":{"line":391,"column":1}}},"20":{"name":"(anonymous_20)","decl":{"start":{"line":396,"column":18},"end":{"line":396,"column":41}},"loc":{"start":{"line":396,"column":43},"end":{"line":406,"column":1}}},"21":{"name":"(anonymous_21)","decl":{"start":{"line":411,"column":19},"end":{"line":411,"column":30}},"loc":{"start":{"line":411,"column":32},"end":{"line":413,"column":1}}},"22":{"name":"(anonymous_22)","decl":{"start":{"line":418,"column":30},"end":{"line":418,"column":41}},"loc":{"start":{"line":418,"column":43},"end":{"line":420,"column":1}}},"23":{"name":"(anonymous_23)","decl":{"start":{"line":425,"column":35},"end":{"line":425,"column":null}},"loc":{"start":{"line":429,"column":4},"end":{"line":438,"column":1}}},"24":{"name":"(anonymous_24)","decl":{"start":{"line":443,"column":30},"end":{"line":443,"column":39}},"loc":{"start":{"line":443,"column":41},"end":{"line":447,"column":1}}}},"branchMap":{"0":{"loc":{"start":{"line":53,"column":14},"end":{"line":53,"column":41}},"type":"binary-expr","locations":[{"start":{"line":53,"column":14},"end":{"line":53,"column":28}},{"start":{"line":53,"column":32},"end":{"line":53,"column":41}}]},"1":{"loc":{"start":{"line":54,"column":12},"end":{"line":54,"column":37}},"type":"binary-expr","locations":[{"start":{"line":54,"column":12},"end":{"line":54,"column":24}},{"start":{"line":54,"column":28},"end":{"line":54,"column":37}}]},"2":{"loc":{"start":{"line":64,"column":2},"end":{"line":71,"column":3}},"type":"if","locations":[{"start":{"line":64,"column":2},"end":{"line":71,"column":3}},{"start":{},"end":{}}]},"3":{"loc":{"start":{"line":64,"column":6},"end":{"line":64,"column":59}},"type":"binary-expr","locations":[{"start":{"line":64,"column":6},"end":{"line":64,"column":35}},{"start":{"line":64,"column":40},"end":{"line":64,"column":59}}]},"4":{"loc":{"start":{"line":86,"column":11},"end":{"line":86,"column":34}},"type":"binary-expr","locations":[{"start":{"line":86,"column":11},"end":{"line":86,"column":16}},{"start":{"line":86,"column":20},"end":{"line":86,"column":34}}]},"5":{"loc":{"start":{"line":92,"column":2},"end":{"line":97,"column":3}},"type":"if","locations":[{"start":{"line":92,"column":2},"end":{"line":97,"column":3}},{"start":{},"end":{}}]},"6":{"loc":{"start":{"line":92,"column":6},"end":{"line":92,"column":59}},"type":"binary-expr","locations":[{"start":{"line":92,"column":6},"end":{"line":92,"column":35}},{"start":{"line":92,"column":40},"end":{"line":92,"column":59}}]},"7":{"loc":{"start":{"line":142,"column":2},"end":{"line":149,"column":3}},"type":"if","locations":[{"start":{"line":142,"column":2},"end":{"line":149,"column":3}},{"start":{},"end":{}}]},"8":{"loc":{"start":{"line":142,"column":6},"end":{"line":142,"column":59}},"type":"binary-expr","locations":[{"start":{"line":142,"column":6},"end":{"line":142,"column":35}},{"start":{"line":142,"column":40},"end":{"line":142,"column":59}}]},"9":{"loc":{"start":{"line":174,"column":2},"end":{"line":174,"column":61}},"type":"default-arg","locations":[{"start":{"line":174,"column":53},"end":{"line":174,"column":61}}]},"10":{"loc":{"start":{"line":189,"column":2},"end":{"line":193,"column":3}},"type":"if","locations":[{"start":{"line":189,"column":2},"end":{"line":193,"column":3}},{"start":{},"end":{}}]},"11":{"loc":{"start":{"line":189,"column":6},"end":{"line":189,"column":61}},"type":"binary-expr","locations":[{"start":{"line":189,"column":6},"end":{"line":189,"column":35}},{"start":{"line":189,"column":40},"end":{"line":189,"column":61}}]},"12":{"loc":{"start":{"line":206,"column":12},"end":{"line":206,"column":55}},"type":"cond-expr","locations":[{"start":{"line":206,"column":22},"end":{"line":206,"column":38}},{"start":{"line":206,"column":41},"end":{"line":206,"column":55}}]},"13":{"loc":{"start":{"line":289,"column":4},"end":{"line":302,"column":5}},"type":"if","locations":[{"start":{"line":289,"column":4},"end":{"line":302,"column":5}},{"start":{},"end":{}}]},"14":{"loc":{"start":{"line":293,"column":6},"end":{"line":301,"column":7}},"type":"if","locations":[{"start":{"line":293,"column":6},"end":{"line":301,"column":7}},{"start":{"line":295,"column":13},"end":{"line":301,"column":7}}]},"15":{"loc":{"start":{"line":293,"column":10},"end":{"line":293,"column":43}},"type":"binary-expr","locations":[{"start":{"line":293,"column":10},"end":{"line":293,"column":25}},{"start":{"line":293,"column":29},"end":{"line":293,"column":43}}]},"16":{"loc":{"start":{"line":295,"column":13},"end":{"line":301,"column":7}},"type":"if","locations":[{"start":{"line":295,"column":13},"end":{"line":301,"column":7}},{"start":{"line":297,"column":13},"end":{"line":301,"column":7}}]},"17":{"loc":{"start":{"line":295,"column":17},"end":{"line":295,"column":50}},"type":"binary-expr","locations":[{"start":{"line":295,"column":17},"end":{"line":295,"column":32}},{"start":{"line":295,"column":36},"end":{"line":295,"column":50}}]},"18":{"loc":{"start":{"line":297,"column":13},"end":{"line":301,"column":7}},"type":"if","locations":[{"start":{"line":297,"column":13},"end":{"line":301,"column":7}},{"start":{"line":299,"column":13},"end":{"line":301,"column":7}}]},"19":{"loc":{"start":{"line":297,"column":17},"end":{"line":297,"column":50}},"type":"binary-expr","locations":[{"start":{"line":297,"column":17},"end":{"line":297,"column":32}},{"start":{"line":297,"column":36},"end":{"line":297,"column":50}}]},"20":{"loc":{"start":{"line":299,"column":13},"end":{"line":301,"column":7}},"type":"if","locations":[{"start":{"line":299,"column":13},"end":{"line":301,"column":7}},{"start":{},"end":{}}]},"21":{"loc":{"start":{"line":299,"column":17},"end":{"line":299,"column":50}},"type":"binary-expr","locations":[{"start":{"line":299,"column":17},"end":{"line":299,"column":32}},{"start":{"line":299,"column":36},"end":{"line":299,"column":50}}]},"22":{"loc":{"start":{"line":317,"column":4},"end":{"line":327,"column":5}},"type":"if","locations":[{"start":{"line":317,"column":4},"end":{"line":327,"column":5}},{"start":{},"end":{}}]},"23":{"loc":{"start":{"line":317,"column":8},"end":{"line":317,"column":71}},"type":"binary-expr","locations":[{"start":{"line":317,"column":8},"end":{"line":317,"column":12}},{"start":{"line":317,"column":16},"end":{"line":317,"column":25}},{"start":{"line":317,"column":29},"end":{"line":317,"column":71}}]},"24":{"loc":{"start":{"line":337,"column":4},"end":{"line":337,"column":54}},"type":"if","locations":[{"start":{"line":337,"column":4},"end":{"line":337,"column":54}},{"start":{},"end":{}}]},"25":{"loc":{"start":{"line":356,"column":37},"end":{"line":356,"column":69}},"type":"cond-expr","locations":[{"start":{"line":356,"column":46},"end":{"line":356,"column":64}},{"start":{"line":356,"column":67},"end":{"line":356,"column":69}}]},"26":{"loc":{"start":{"line":361,"column":4},"end":{"line":363,"column":5}},"type":"if","locations":[{"start":{"line":361,"column":4},"end":{"line":363,"column":5}},{"start":{},"end":{}}]},"27":{"loc":{"start":{"line":378,"column":2},"end":{"line":381,"column":3}},"type":"if","locations":[{"start":{"line":378,"column":2},"end":{"line":381,"column":3}},{"start":{},"end":{}}]},"28":{"loc":{"start":{"line":390,"column":9},"end":{"line":390,"column":61}},"type":"binary-expr","locations":[{"start":{"line":390,"column":9},"end":{"line":390,"column":55}},{"start":{"line":390,"column":59},"end":{"line":390,"column":61}}]},"29":{"loc":{"start":{"line":400,"column":2},"end":{"line":403,"column":3}},"type":"if","locations":[{"start":{"line":400,"column":2},"end":{"line":403,"column":3}},{"start":{},"end":{}}]},"30":{"loc":{"start":{"line":431,"column":35},"end":{"line":431,"column":67}},"type":"cond-expr","locations":[{"start":{"line":431,"column":44},"end":{"line":431,"column":62}},{"start":{"line":431,"column":65},"end":{"line":431,"column":67}}]},"31":{"loc":{"start":{"line":436,"column":12},"end":{"line":436,"column":29}},"type":"binary-expr","locations":[{"start":{"line":436,"column":12},"end":{"line":436,"column":23}},{"start":{"line":436,"column":27},"end":{"line":436,"column":29}}]}},"s":{"0":1,"1":0,"2":0,"3":0,"4":0,"5":1,"6":1,"7":159,"8":159,"9":0,"10":159,"11":159,"12":1,"13":1,"14":1,"15":1,"16":0,"17":1,"18":1,"19":1,"20":2,"21":1,"22":1,"23":1,"24":1,"25":0,"26":1,"27":1,"28":0,"29":1,"30":1,"31":1,"32":1,"33":0,"34":1,"35":1,"36":2,"37":1,"38":1,"39":0,"40":1,"41":1,"42":0,"43":1,"44":1,"45":0,"46":1,"47":1,"48":0,"49":1,"50":1,"51":0,"52":0,"53":0,"54":0,"55":0,"56":0,"57":0,"58":0,"59":0,"60":0,"61":0,"62":0,"63":0,"64":0,"65":0,"66":0,"67":0,"68":0,"69":0,"70":0,"71":0,"72":0,"73":1,"74":159,"75":159,"76":159,"77":0,"78":0,"79":1,"80":159,"81":159,"82":159,"83":159,"84":159,"85":159,"86":50,"87":159,"88":0,"89":1,"90":0,"91":0,"92":0,"93":0,"94":0,"95":0,"96":1,"97":159,"98":1,"99":159,"100":159,"101":159,"102":10,"103":10,"104":159,"105":1,"106":10,"107":1,"108":0,"109":1,"110":0,"111":0,"112":0,"113":1,"114":1,"115":0,"116":0,"117":0,"118":1,"119":1},"f":{"0":0,"1":159,"2":1,"3":2,"4":1,"5":0,"6":1,"7":2,"8":0,"9":0,"10":0,"11":0,"12":0,"13":0,"14":0,"15":0,"16":159,"17":159,"18":0,"19":159,"20":159,"21":10,"22":0,"23":0,"24":0},"b":{"0":[159,0],"1":[159,0],"2":[0,159],"3":[159,159],"4":[1,0],"5":[0,1],"6":[1,1],"7":[0,1],"8":[1,1],"9":[0],"10":[0,1],"11":[1,1],"12":[1,1],"13":[0,0],"14":[0,0],"15":[0,0],"16":[0,0],"17":[0,0],"18":[0,0],"19":[0,0],"20":[0,0],"21":[0,0],"22":[0,0],"23":[0,0,0],"24":[159,0],"25":[149,10],"26":[50,109],"27":[0,0],"28":[159,159],"29":[10,149],"30":[0,0],"31":[0,0]}}
,"/workspace/src/utils/bannerRotation.ts": {"path":"/workspace/src/utils/bannerRotation.ts","statementMap":{"0":{"start":{"line":25,"column":43},"end":{"line":31,"column":2}},"1":{"start":{"line":36,"column":40},"end":{"line":40,"column":1}},"2":{"start":{"line":37,"column":2},"end":{"line":37,"column":64}},"3":{"start":{"line":37,"column":55},"end":{"line":37,"column":64}},"4":{"start":{"line":38,"column":14},"end":{"line":38,"column":55}},"5":{"start":{"line":39,"column":2},"end":{"line":39,"column":19}},"6":{"start":{"line":36,"column":13},"end":{"line":36,"column":40}},"7":{"start":{"line":45,"column":39},"end":{"line":54,"column":1}},"8":{"start":{"line":46,"column":2},"end":{"line":46,"column":36}},"9":{"start":{"line":46,"column":25},"end":{"line":46,"column":36}},"10":{"start":{"line":48,"column":14},"end":{"line":48,"column":34}},"11":{"start":{"line":49,"column":20},"end":{"line":49,"column":56}},"12":{"start":{"line":50,"column":26},"end":{"line":50,"column":62}},"13":{"start":{"line":53,"column":2},"end":{"line":53,"column":53}},"14":{"start":{"line":45,"column":13},"end":{"line":45,"column":39}},"15":{"start":{"line":59,"column":36},"end":{"line":68,"column":1}},"16":{"start":{"line":63,"column":24},"end":{"line":63,"column":65}},"17":{"start":{"line":64,"column":26},"end":{"line":64,"column":86}},"18":{"start":{"line":65,"column":25},"end":{"line":65,"column":83}},"19":{"start":{"line":67,"column":2},"end":{"line":67,"column":58}},"20":{"start":{"line":59,"column":13},"end":{"line":59,"column":36}},"21":{"start":{"line":73,"column":39},"end":{"line":91,"column":1}},"22":{"start":{"line":78,"column":24},"end":{"line":78,"column":53}},"23":{"start":{"line":78,"column":44},"end":{"line":78,"column":52}},"24":{"start":{"line":81,"column":24},"end":{"line":84,"column":5}},"25":{"start":{"line":81,"column":53},"end":{"line":84,"column":4}},"26":{"start":{"line":87,"column":2},"end":{"line":87,"column":50}},"27":{"start":{"line":87,"column":31},"end":{"line":87,"column":48}},"28":{"start":{"line":90,"column":2},"end":{"line":90,"column":74}},"29":{"start":{"line":90,"column":63},"end":{"line":90,"column":72}},"30":{"start":{"line":73,"column":13},"end":{"line":73,"column":39}},"31":{"start":{"line":96,"column":38},"end":{"line":106,"column":1}},"32":{"start":{"line":99,"column":2},"end":{"line":105,"column":43}},"33":{"start":{"line":100,"column":4},"end":{"line":102,"column":5}},"34":{"start":{"line":101,"column":6},"end":{"line":101,"column":32}},"35":{"start":{"line":103,"column":4},"end":{"line":103,"column":38}},"36":{"start":{"line":104,"column":4},"end":{"line":104,"column":15}},"37":{"start":{"line":96,"column":13},"end":{"line":96,"column":38}},"38":{"start":{"line":111,"column":37},"end":{"line":136,"column":1}},"39":{"start":{"line":116,"column":18},"end":{"line":116,"column":49}},"40":{"start":{"line":117,"column":35},"end":{"line":117,"column":37}},"41":{"start":{"line":120,"column":2},"end":{"line":128,"column":5}},"42":{"start":{"line":121,"column":26},"end":{"line":125,"column":27}},"43":{"start":{"line":122,"column":17},"end":{"line":122,"column":62}},"44":{"start":{"line":123,"column":22},"end":{"line":123,"column":39}},"45":{"start":{"line":125,"column":17},"end":{"line":125,"column":26}},"46":{"start":{"line":127,"column":4},"end":{"line":127,"column":36}},"47":{"start":{"line":131,"column":2},"end":{"line":135,"column":26}},"48":{"start":{"line":132,"column":15},"end":{"line":132,"column":60}},"49":{"start":{"line":133,"column":20},"end":{"line":133,"column":37}},"50":{"start":{"line":135,"column":15},"end":{"line":135,"column":24}},"51":{"start":{"line":111,"column":13},"end":{"line":111,"column":37}},"52":{"start":{"line":141,"column":31},"end":{"line":150,"column":1}},"53":{"start":{"line":142,"column":2},"end":{"line":149,"column":3}},"54":{"start":{"line":143,"column":23},"end":{"line":143,"column":55}},"55":{"start":{"line":144,"column":20},"end":{"line":144,"column":69}},"56":{"start":{"line":145,"column":4},"end":{"line":145,"column":63}},"57":{"start":{"line":146,"column":4},"end":{"line":146,"column":83}},"58":{"start":{"line":148,"column":4},"end":{"line":148,"column":62}},"59":{"start":{"line":141,"column":13},"end":{"line":141,"column":31}},"60":{"start":{"line":155,"column":26},"end":{"line":171,"column":1}},"61":{"start":{"line":156,"column":2},"end":{"line":170,"column":3}},"62":{"start":{"line":157,"column":23},"end":{"line":157,"column":50}},"63":{"start":{"line":158,"column":20},"end":{"line":158,"column":69}},"64":{"start":{"line":159,"column":4},"end":{"line":159,"column":63}},"65":{"start":{"line":162,"column":4},"end":{"line":167,"column":5}},"66":{"start":{"line":163,"column":7},"end":{"line":166,"column":9}},"67":{"start":{"line":169,"column":4},"end":{"line":169,"column":57}},"68":{"start":{"line":155,"column":13},"end":{"line":155,"column":26}},"69":{"start":{"line":176,"column":31},"end":{"line":188,"column":1}},"70":{"start":{"line":177,"column":2},"end":{"line":187,"column":3}},"71":{"start":{"line":178,"column":24},"end":{"line":178,"column":95}},"72":{"start":{"line":179,"column":19},"end":{"line":179,"column":85}},"73":{"start":{"line":180,"column":25},"end":{"line":180,"column":77}},"74":{"start":{"line":181,"column":22},"end":{"line":181,"column":71}},"75":{"start":{"line":183,"column":4},"end":{"line":183,"column":46}},"76":{"start":{"line":185,"column":4},"end":{"line":185,"column":56}},"77":{"start":{"line":186,"column":4},"end":{"line":186,"column":14}},"78":{"start":{"line":176,"column":13},"end":{"line":176,"column":31}},"79":{"start":{"line":193,"column":37},"end":{"line":209,"column":1}},"80":{"start":{"line":197,"column":2},"end":{"line":199,"column":3}},"81":{"start":{"line":198,"column":4},"end":{"line":198,"column":53}},"82":{"start":{"line":201,"column":2},"end":{"line":203,"column":3}},"83":{"start":{"line":202,"column":4},"end":{"line":202,"column":25}},"84":{"start":{"line":206,"column":15},"end":{"line":206,"column":58}},"85":{"start":{"line":207,"column":16},"end":{"line":207,"column":52}},"86":{"start":{"line":208,"column":2},"end":{"line":208,"column":27}},"87":{"start":{"line":193,"column":13},"end":{"line":193,"column":37}},"88":{"start":{"line":214,"column":19},"end":{"line":222,"column":1}},"89":{"start":{"line":215,"column":13},"end":{"line":215,"column":14}},"90":{"start":{"line":216,"column":2},"end":{"line":220,"column":3}},"91":{"start":{"line":216,"column":15},"end":{"line":216,"column":16}},"92":{"start":{"line":217,"column":17},"end":{"line":217,"column":34}},"93":{"start":{"line":218,"column":4},"end":{"line":218,"column":39}},"94":{"start":{"line":219,"column":4},"end":{"line":219,"column":23}},"95":{"start":{"line":221,"column":2},"end":{"line":221,"column":37}},"96":{"start":{"line":227,"column":34},"end":{"line":231,"column":1}},"97":{"start":{"line":228,"column":2},"end":{"line":228,"column":39}},"98":{"start":{"line":228,"column":25},"end":{"line":228,"column":39}},"99":{"start":{"line":229,"column":2},"end":{"line":229,"column":39}},"100":{"start":{"line":229,"column":25},"end":{"line":229,"column":39}},"101":{"start":{"line":230,"column":2},"end":{"line":230,"column":16}},"102":{"start":{"line":227,"column":13},"end":{"line":227,"column":34}},"103":{"start":{"line":233,"column":0},"end":{"line":241,"column":2}}},"fnMap":{"0":{"name":"(anonymous_0)","decl":{"start":{"line":36,"column":40},"end":{"line":36,"column":41}},"loc":{"start":{"line":36,"column":73},"end":{"line":40,"column":1}}},"1":{"name":"(anonymous_1)","decl":{"start":{"line":45,"column":39},"end":{"line":45,"column":40}},"loc":{"start":{"line":45,"column":72},"end":{"line":54,"column":1}}},"2":{"name":"(anonymous_2)","decl":{"start":{"line":59,"column":36},"end":{"line":59,"column":null}},"loc":{"start":{"line":62,"column":12},"end":{"line":68,"column":1}}},"3":{"name":"(anonymous_3)","decl":{"start":{"line":73,"column":39},"end":{"line":73,"column":null}},"loc":{"start":{"line":76,"column":20},"end":{"line":91,"column":1}}},"4":{"name":"(anonymous_4)","decl":{"start":{"line":78,"column":39},"end":{"line":78,"column":40}},"loc":{"start":{"line":78,"column":44},"end":{"line":78,"column":52}}},"5":{"name":"(anonymous_5)","decl":{"start":{"line":81,"column":42},"end":{"line":81,"column":48}},"loc":{"start":{"line":81,"column":53},"end":{"line":84,"column":4}}},"6":{"name":"(anonymous_6)","decl":{"start":{"line":87,"column":21},"end":{"line":87,"column":22}},"loc":{"start":{"line":87,"column":31},"end":{"line":87,"column":48}}},"7":{"name":"(anonymous_7)","decl":{"start":{"line":90,"column":57},"end":{"line":90,"column":59}},"loc":{"start":{"line":90,"column":63},"end":{"line":90,"column":72}}},"8":{"name":"(anonymous_8)","decl":{"start":{"line":96,"column":38},"end":{"line":96,"column":null}},"loc":{"start":{"line":98,"column":36},"end":{"line":106,"column":1}}},"9":{"name":"(anonymous_9)","decl":{"start":{"line":99,"column":24},"end":{"line":99,"column":25}},"loc":{"start":{"line":99,"column":40},"end":{"line":105,"column":3}}},"10":{"name":"(anonymous_10)","decl":{"start":{"line":111,"column":37},"end":{"line":111,"column":null}},"loc":{"start":{"line":115,"column":20},"end":{"line":136,"column":1}}},"11":{"name":"(anonymous_11)","decl":{"start":{"line":120,"column":33},"end":{"line":120,"column":48}},"loc":{"start":{"line":120,"column":51},"end":{"line":128,"column":3}}},"12":{"name":"(anonymous_12)","decl":{"start":{"line":122,"column":11},"end":{"line":122,"column":12}},"loc":{"start":{"line":122,"column":17},"end":{"line":122,"column":62}}},"13":{"name":"(anonymous_13)","decl":{"start":{"line":123,"column":12},"end":{"line":123,"column":13}},"loc":{"start":{"line":123,"column":22},"end":{"line":123,"column":39}}},"14":{"name":"(anonymous_14)","decl":{"start":{"line":125,"column":11},"end":{"line":125,"column":13}},"loc":{"start":{"line":125,"column":17},"end":{"line":125,"column":26}}},"15":{"name":"(anonymous_15)","decl":{"start":{"line":132,"column":9},"end":{"line":132,"column":10}},"loc":{"start":{"line":132,"column":15},"end":{"line":132,"column":60}}},"16":{"name":"(anonymous_16)","decl":{"start":{"line":133,"column":10},"end":{"line":133,"column":11}},"loc":{"start":{"line":133,"column":20},"end":{"line":133,"column":37}}},"17":{"name":"(anonymous_17)","decl":{"start":{"line":135,"column":9},"end":{"line":135,"column":11}},"loc":{"start":{"line":135,"column":15},"end":{"line":135,"column":24}}},"18":{"name":"(anonymous_18)","decl":{"start":{"line":141,"column":31},"end":{"line":141,"column":32}},"loc":{"start":{"line":141,"column":58},"end":{"line":150,"column":1}}},"19":{"name":"(anonymous_19)","decl":{"start":{"line":155,"column":26},"end":{"line":155,"column":27}},"loc":{"start":{"line":155,"column":53},"end":{"line":171,"column":1}}},"20":{"name":"(anonymous_20)","decl":{"start":{"line":176,"column":31},"end":{"line":176,"column":32}},"loc":{"start":{"line":176,"column":75},"end":{"line":188,"column":1}}},"21":{"name":"(anonymous_21)","decl":{"start":{"line":193,"column":37},"end":{"line":193,"column":null}},"loc":{"start":{"line":196,"column":18},"end":{"line":209,"column":1}}},"22":{"name":"(anonymous_22)","decl":{"start":{"line":214,"column":19},"end":{"line":214,"column":20}},"loc":{"start":{"line":214,"column":43},"end":{"line":222,"column":1}}},"23":{"name":"(anonymous_23)","decl":{"start":{"line":227,"column":34},"end":{"line":227,"column":35}},"loc":{"start":{"line":227,"column":68},"end":{"line":231,"column":1}}}},"branchMap":{"0":{"loc":{"start":{"line":37,"column":2},"end":{"line":37,"column":64}},"type":"if","locations":[{"start":{"line":37,"column":2},"end":{"line":37,"column":64}},{"start":{},"end":{}}]},"1":{"loc":{"start":{"line":37,"column":6},"end":{"line":37,"column":53}},"type":"binary-expr","locations":[{"start":{"line":37,"column":6},"end":{"line":37,"column":25}},{"start":{"line":37,"column":29},"end":{"line":37,"column":53}}]},"2":{"loc":{"start":{"line":38,"column":15},"end":{"line":38,"column":33}},"type":"binary-expr","locations":[{"start":{"line":38,"column":15},"end":{"line":38,"column":28}},{"start":{"line":38,"column":32},"end":{"line":38,"column":33}}]},"3":{"loc":{"start":{"line":46,"column":2},"end":{"line":46,"column":36}},"type":"if","locations":[{"start":{"line":46,"column":2},"end":{"line":46,"column":36}},{"start":{},"end":{}}]},"4":{"loc":{"start":{"line":61,"column":2},"end":{"line":61,"column":47}},"type":"default-arg","locations":[{"start":{"line":61,"column":31},"end":{"line":61,"column":47}}]},"5":{"loc":{"start":{"line":75,"column":2},"end":{"line":75,"column":47}},"type":"default-arg","locations":[{"start":{"line":75,"column":31},"end":{"line":75,"column":47}}]},"6":{"loc":{"start":{"line":100,"column":4},"end":{"line":102,"column":5}},"type":"if","locations":[{"start":{"line":100,"column":4},"end":{"line":102,"column":5}},{"start":{},"end":{}}]},"7":{"loc":{"start":{"line":113,"column":2},"end":{"line":113,"column":28}},"type":"default-arg","locations":[{"start":{"line":113,"column":27},"end":{"line":113,"column":28}}]},"8":{"loc":{"start":{"line":114,"column":2},"end":{"line":114,"column":22}},"type":"default-arg","locations":[{"start":{"line":114,"column":21},"end":{"line":114,"column":22}}]},"9":{"loc":{"start":{"line":144,"column":29},"end":{"line":144,"column":68}},"type":"binary-expr","locations":[{"start":{"line":144,"column":29},"end":{"line":144,"column":61}},{"start":{"line":144,"column":65},"end":{"line":144,"column":68}}]},"10":{"loc":{"start":{"line":158,"column":29},"end":{"line":158,"column":68}},"type":"binary-expr","locations":[{"start":{"line":158,"column":29},"end":{"line":158,"column":61}},{"start":{"line":158,"column":65},"end":{"line":158,"column":68}}]},"11":{"loc":{"start":{"line":162,"column":4},"end":{"line":167,"column":5}},"type":"if","locations":[{"start":{"line":162,"column":4},"end":{"line":167,"column":5}},{"start":{},"end":{}}]},"12":{"loc":{"start":{"line":162,"column":8},"end":{"line":162,"column":61}},"type":"binary-expr","locations":[{"start":{"line":162,"column":8},"end":{"line":162,"column":37}},{"start":{"line":162,"column":42},"end":{"line":162,"column":61}}]},"13":{"loc":{"start":{"line":178,"column":33},"end":{"line":178,"column":94}},"type":"binary-expr","locations":[{"start":{"line":178,"column":33},"end":{"line":178,"column":87}},{"start":{"line":178,"column":91},"end":{"line":178,"column":94}}]},"14":{"loc":{"start":{"line":179,"column":28},"end":{"line":179,"column":84}},"type":"binary-expr","locations":[{"start":{"line":179,"column":28},"end":{"line":179,"column":77}},{"start":{"line":179,"column":81},"end":{"line":179,"column":84}}]},"15":{"loc":{"start":{"line":181,"column":22},"end":{"line":181,"column":71}},"type":"cond-expr","locations":[{"start":{"line":181,"column":37},"end":{"line":181,"column":59}},{"start":{"line":181,"column":62},"end":{"line":181,"column":71}}]},"16":{"loc":{"start":{"line":197,"column":2},"end":{"line":199,"column":3}},"type":"if","locations":[{"start":{"line":197,"column":2},"end":{"line":199,"column":3}},{"start":{},"end":{}}]},"17":{"loc":{"start":{"line":201,"column":2},"end":{"line":203,"column":3}},"type":"if","locations":[{"start":{"line":201,"column":2},"end":{"line":203,"column":3}},{"start":{},"end":{}}]},"18":{"loc":{"start":{"line":206,"column":15},"end":{"line":206,"column":58}},"type":"cond-expr","locations":[{"start":{"line":206,"column":24},"end":{"line":206,"column":42}},{"start":{"line":206,"column":45},"end":{"line":206,"column":58}}]},"19":{"loc":{"start":{"line":228,"column":2},"end":{"line":228,"column":39}},"type":"if","locations":[{"start":{"line":228,"column":2},"end":{"line":228,"column":39}},{"start":{},"end":{}}]},"20":{"loc":{"start":{"line":229,"column":2},"end":{"line":229,"column":39}},"type":"if","locations":[{"start":{"line":229,"column":2},"end":{"line":229,"column":39}},{"start":{},"end":{}}]}},"s":{"0":1,"1":1,"2":41,"3":5,"4":36,"5":36,"6":1,"7":1,"8":41,"9":39,"10":2,"11":2,"12":2,"13":2,"14":1,"15":1,"16":38,"17":38,"18":38,"19":38,"20":1,"21":1,"22":3,"23":12,"24":3,"25":9,"26":3,"27":6,"28":3,"29":8,"30":1,"31":1,"32":5,"33":19,"34":15,"35":19,"36":19,"37":1,"38":1,"39":3,"40":3,"41":3,"42":9,"43":12,"44":3,"45":10,"46":9,"47":3,"48":10,"49":10,"50":9,"51":1,"52":1,"53":0,"54":0,"55":0,"56":0,"57":0,"58":0,"59":1,"60":1,"61":0,"62":0,"63":0,"64":0,"65":0,"66":0,"67":0,"68":1,"69":1,"70":0,"71":0,"72":0,"73":0,"74":0,"75":0,"76":0,"77":0,"78":1,"79":1,"80":0,"81":0,"82":0,"83":0,"84":0,"85":0,"86":0,"87":1,"88":1,"89":0,"90":0,"91":0,"92":0,"93":0,"94":0,"95":0,"96":1,"97":0,"98":0,"99":0,"100":0,"101":0,"102":1,"103":1},"f":{"0":41,"1":41,"2":38,"3":3,"4":12,"5":9,"6":6,"7":8,"8":5,"9":19,"10":3,"11":9,"12":12,"13":3,"14":10,"15":10,"16":10,"17":9,"18":0,"19":0,"20":0,"21":0,"22":0,"23":0},"b":{"0":[5,36],"1":[41,36],"2":[36,1],"3":[39,2],"4":[29],"5":[2],"6":[15,4],"7":[0],"8":[0],"9":[0,0],"10":[0,0],"11":[0,0],"12":[0,0],"13":[0,0],"14":[0,0],"15":[0,0],"16":[0,0],"17":[0,0],"18":[0,0],"19":[0,0],"20":[0,0]}}
}
