TN:
SF:src/components/UnifiedPromotionalBanner.tsx
FN:28,(anonymous_1)
FN:140,(anonymous_2)
FNF:2
FNH:2
FNDA:34,(anonymous_1)
FNDA:15,(anonymous_2)
DA:1,1
DA:2,1
DA:3,1
DA:28,1
DA:44,34
DA:54,34
DA:65,34
DA:74,34
DA:82,34
DA:84,34
DA:141,15
DA:197,1
LF:12
LH:12
BRDA:29,0,0,29
BRDA:34,1,0,27
BRDA:35,2,0,26
BRDA:36,3,0,31
BRDA:37,4,0,33
BRDA:38,5,0,31
BRDA:39,6,0,33
BRDA:90,7,0,33
BRDA:90,7,1,1
BRDA:97,8,0,34
BRDA:97,8,1,29
BRDA:97,8,2,6
BRDA:99,9,0,6
BRDA:99,9,1,5
BRDA:101,10,0,5
BRDA:101,10,1,4
BRDA:105,11,0,6
BRDA:105,11,1,2
BRDA:114,12,0,2
BRDA:114,12,1,32
BRDA:114,13,0,34
BRDA:114,13,1,33
BRDA:115,14,0,1
BRDA:115,14,1,31
BRDA:116,15,0,1
BRDA:116,15,1,30
BRDA:125,16,0,2
BRDA:125,16,1,32
BRDA:125,17,0,34
BRDA:125,17,1,33
BRDA:126,18,0,1
BRDA:126,18,1,31
BRDA:133,19,0,34
BRDA:133,19,1,7
BRDA:136,20,0,0
BRDA:136,20,1,7
BRDA:137,21,0,0
BRDA:137,21,1,7
BRDA:137,22,0,7
BRDA:137,22,1,7
BRDA:155,23,0,15
BRDA:155,23,1,5
BRDA:174,24,0,1
BRDA:174,24,1,33
BRDA:175,25,0,2
BRDA:175,25,1,31
BRDA:175,26,0,33
BRDA:175,26,1,32
BRDA:180,27,0,1
BRDA:180,27,1,33
BRDA:183,28,0,34
BRDA:183,28,1,2
BRDA:188,29,0,0
BRDA:188,29,1,2
BRF:54
BRH:51
end_of_record
TN:
SF:src/utils/analyticsTracker.ts
FN:35,(anonymous_0)
FN:51,(anonymous_1)
FN:83,(anonymous_2)
FN:111,(anonymous_3)
FN:130,(anonymous_4)
FN:155,(anonymous_5)
FN:171,(anonymous_6)
FN:199,(anonymous_7)
FN:218,(anonymous_8)
FN:234,(anonymous_9)
FN:249,(anonymous_10)
FN:264,(anonymous_11)
FN:284,(anonymous_12)
FN:287,(anonymous_13)
FN:307,(anonymous_14)
FN:313,(anonymous_15)
FN:334,(anonymous_16)
FN:352,(anonymous_17)
FN:374,(anonymous_18)
FN:389,(anonymous_19)
FN:396,(anonymous_20)
FN:411,(anonymous_21)
FN:418,(anonymous_22)
FN:425,(anonymous_23)
FN:443,(anonymous_24)
FNF:25
FNH:11
FNDA:0,(anonymous_0)
FNDA:159,(anonymous_1)
FNDA:1,(anonymous_2)
FNDA:2,(anonymous_3)
FNDA:1,(anonymous_4)
FNDA:0,(anonymous_5)
FNDA:1,(anonymous_6)
FNDA:2,(anonymous_7)
FNDA:0,(anonymous_8)
FNDA:0,(anonymous_9)
FNDA:0,(anonymous_10)
FNDA:0,(anonymous_11)
FNDA:0,(anonymous_12)
FNDA:0,(anonymous_13)
FNDA:0,(anonymous_14)
FNDA:0,(anonymous_15)
FNDA:159,(anonymous_16)
FNDA:159,(anonymous_17)
FNDA:0,(anonymous_18)
FNDA:159,(anonymous_19)
FNDA:159,(anonymous_20)
FNDA:10,(anonymous_21)
FNDA:0,(anonymous_22)
FNDA:0,(anonymous_23)
FNDA:0,(anonymous_24)
DA:35,1
DA:37,0
DA:40,0
DA:43,0
DA:45,0
DA:51,1
DA:52,159
DA:64,159
DA:65,0
DA:74,159
DA:77,159
DA:83,1
DA:84,1
DA:92,1
DA:93,0
DA:100,1
DA:111,1
DA:116,2
DA:130,1
DA:131,1
DA:142,1
DA:143,0
DA:155,1
DA:160,0
DA:171,1
DA:176,1
DA:189,1
DA:190,0
DA:199,1
DA:204,2
DA:218,1
DA:219,0
DA:234,1
DA:235,0
DA:249,1
DA:250,0
DA:264,1
DA:269,0
DA:284,1
DA:286,0
DA:287,0
DA:288,0
DA:289,0
DA:290,0
DA:293,0
DA:294,0
DA:295,0
DA:296,0
DA:297,0
DA:298,0
DA:299,0
DA:300,0
DA:306,0
DA:307,0
DA:308,0
DA:309,0
DA:313,0
DA:314,0
DA:315,0
DA:317,0
DA:318,0
DA:334,1
DA:335,159
DA:337,159
DA:339,0
DA:345,0
DA:352,1
DA:353,159
DA:354,159
DA:355,159
DA:356,159
DA:358,159
DA:361,159
DA:362,50
DA:365,159
DA:367,0
DA:374,1
DA:375,0
DA:376,0
DA:378,0
DA:379,0
DA:380,0
DA:383,0
DA:389,1
DA:390,159
DA:396,1
DA:397,159
DA:398,159
DA:400,159
DA:401,10
DA:402,10
DA:405,159
DA:411,1
DA:412,10
DA:418,1
DA:419,0
DA:425,1
DA:430,0
DA:431,0
DA:433,0
DA:443,1
DA:444,0
DA:445,0
DA:446,0
DA:449,1
LF:105
LH:54
BRDA:53,0,0,159
BRDA:53,0,1,0
BRDA:54,1,0,159
BRDA:54,1,1,0
BRDA:64,2,0,0
BRDA:64,2,1,159
BRDA:64,3,0,159
BRDA:64,3,1,159
BRDA:86,4,0,1
BRDA:86,4,1,0
BRDA:92,5,0,0
BRDA:92,5,1,1
BRDA:92,6,0,1
BRDA:92,6,1,1
BRDA:142,7,0,0
BRDA:142,7,1,1
BRDA:142,8,0,1
BRDA:142,8,1,1
BRDA:174,9,0,0
BRDA:189,10,0,0
BRDA:189,10,1,1
BRDA:189,11,0,1
BRDA:189,11,1,1
BRDA:206,12,0,1
BRDA:206,12,1,1
BRDA:289,13,0,0
BRDA:289,13,1,0
BRDA:293,14,0,0
BRDA:293,14,1,0
BRDA:293,15,0,0
BRDA:293,15,1,0
BRDA:295,16,0,0
BRDA:295,16,1,0
BRDA:295,17,0,0
BRDA:295,17,1,0
BRDA:297,18,0,0
BRDA:297,18,1,0
BRDA:297,19,0,0
BRDA:297,19,1,0
BRDA:299,20,0,0
BRDA:299,20,1,0
BRDA:299,21,0,0
BRDA:299,21,1,0
BRDA:317,22,0,0
BRDA:317,22,1,0
BRDA:317,23,0,0
BRDA:317,23,1,0
BRDA:317,23,2,0
BRDA:337,24,0,159
BRDA:337,24,1,0
BRDA:356,25,0,149
BRDA:356,25,1,10
BRDA:361,26,0,50
BRDA:361,26,1,109
BRDA:378,27,0,0
BRDA:378,27,1,0
BRDA:390,28,0,159
BRDA:390,28,1,159
BRDA:400,29,0,10
BRDA:400,29,1,149
BRDA:431,30,0,0
BRDA:431,30,1,0
BRDA:436,31,0,0
BRDA:436,31,1,0
BRF:64
BRH:26
end_of_record
TN:
SF:src/utils/bannerRotation.ts
FN:36,(anonymous_0)
FN:45,(anonymous_1)
FN:59,(anonymous_2)
FN:73,(anonymous_3)
FN:78,(anonymous_4)
FN:81,(anonymous_5)
FN:87,(anonymous_6)
FN:90,(anonymous_7)
FN:96,(anonymous_8)
FN:99,(anonymous_9)
FN:111,(anonymous_10)
FN:120,(anonymous_11)
FN:122,(anonymous_12)
FN:123,(anonymous_13)
FN:125,(anonymous_14)
FN:132,(anonymous_15)
FN:133,(anonymous_16)
FN:135,(anonymous_17)
FN:141,(anonymous_18)
FN:155,(anonymous_19)
FN:176,(anonymous_20)
FN:193,(anonymous_21)
FN:214,(anonymous_22)
FN:227,(anonymous_23)
FNF:24
FNH:18
FNDA:41,(anonymous_0)
FNDA:41,(anonymous_1)
FNDA:38,(anonymous_2)
FNDA:3,(anonymous_3)
FNDA:12,(anonymous_4)
FNDA:9,(anonymous_5)
FNDA:6,(anonymous_6)
FNDA:8,(anonymous_7)
FNDA:5,(anonymous_8)
FNDA:19,(anonymous_9)
FNDA:3,(anonymous_10)
FNDA:9,(anonymous_11)
FNDA:12,(anonymous_12)
FNDA:3,(anonymous_13)
FNDA:10,(anonymous_14)
FNDA:10,(anonymous_15)
FNDA:10,(anonymous_16)
FNDA:9,(anonymous_17)
FNDA:0,(anonymous_18)
FNDA:0,(anonymous_19)
FNDA:0,(anonymous_20)
FNDA:0,(anonymous_21)
FNDA:0,(anonymous_22)
FNDA:0,(anonymous_23)
DA:25,1
DA:36,1
DA:37,41
DA:38,36
DA:39,36
DA:45,1
DA:46,41
DA:48,2
DA:49,2
DA:50,2
DA:53,2
DA:59,1
DA:63,38
DA:64,38
DA:65,38
DA:67,38
DA:73,1
DA:78,12
DA:81,9
DA:87,6
DA:90,8
DA:96,1
DA:99,5
DA:100,19
DA:101,15
DA:103,19
DA:104,19
DA:111,1
DA:116,3
DA:117,3
DA:120,3
DA:121,9
DA:122,12
DA:123,3
DA:125,10
DA:127,9
DA:131,3
DA:132,10
DA:133,10
DA:135,9
DA:141,1
DA:142,0
DA:143,0
DA:144,0
DA:145,0
DA:146,0
DA:148,0
DA:155,1
DA:156,0
DA:157,0
DA:158,0
DA:159,0
DA:162,0
DA:163,0
DA:169,0
DA:176,1
DA:177,0
DA:178,0
DA:179,0
DA:180,0
DA:181,0
DA:183,0
DA:185,0
DA:186,0
DA:193,1
DA:197,0
DA:198,0
DA:201,0
DA:202,0
DA:206,0
DA:207,0
DA:208,0
DA:214,1
DA:215,0
DA:216,0
DA:217,0
DA:218,0
DA:219,0
DA:221,0
DA:227,1
DA:228,0
DA:229,0
DA:230,0
DA:233,1
LF:84
LH:47
BRDA:37,0,0,5
BRDA:37,0,1,36
BRDA:37,1,0,41
BRDA:37,1,1,36
BRDA:38,2,0,36
BRDA:38,2,1,1
BRDA:46,3,0,39
BRDA:46,3,1,2
BRDA:61,4,0,29
BRDA:75,5,0,2
BRDA:100,6,0,15
BRDA:100,6,1,4
BRDA:113,7,0,0
BRDA:114,8,0,0
BRDA:144,9,0,0
BRDA:144,9,1,0
BRDA:158,10,0,0
BRDA:158,10,1,0
BRDA:162,11,0,0
BRDA:162,11,1,0
BRDA:162,12,0,0
BRDA:162,12,1,0
BRDA:178,13,0,0
BRDA:178,13,1,0
BRDA:179,14,0,0
BRDA:179,14,1,0
BRDA:181,15,0,0
BRDA:181,15,1,0
BRDA:197,16,0,0
BRDA:197,16,1,0
BRDA:201,17,0,0
BRDA:201,17,1,0
BRDA:206,18,0,0
BRDA:206,18,1,0
BRDA:228,19,0,0
BRDA:228,19,1,0
BRDA:229,20,0,0
BRDA:229,20,1,0
BRF:38
BRH:12
end_of_record
